[debug] [2022-11-19T20:00:56.484Z] ----------------------------------------------------------------------
[debug] [2022-11-19T20:00:56.490Z] Command:       /home/carlos/.nvm/versions/node/v16.15.1/bin/node /home/carlos/.nvm/versions/node/v16.15.1/bin/firebase deploy
[debug] [2022-11-19T20:00:56.492Z] CLI Version:   11.8.0
[debug] [2022-11-19T20:00:56.492Z] Platform:      linux
[debug] [2022-11-19T20:00:56.493Z] Node Version:  v16.15.1
[debug] [2022-11-19T20:00:56.494Z] Time:          Sat Nov 19 2022 16:00:56 GMT-0400 (Bolivia Time)
[debug] [2022-11-19T20:00:56.495Z] ----------------------------------------------------------------------
[debug] 
[debug] [2022-11-19T20:00:56.722Z] > command requires scopes: ["email","openid","https://www.googleapis.com/auth/cloudplatformprojects.readonly","https://www.googleapis.com/auth/firebase","https://www.googleapis.com/auth/cloud-platform"]
[debug] [2022-11-19T20:00:56.723Z] > authorizing via signed-in user (carlosvaldivia390@gmail.com)
[debug] [2022-11-19T20:00:56.724Z] [iam] checking project my-gaming-list for permissions ["cloudfunctions.functions.create","cloudfunctions.functions.delete","cloudfunctions.functions.get","cloudfunctions.functions.list","cloudfunctions.functions.update","cloudfunctions.operations.get","firebase.projects.get","firebasehosting.sites.update"]
[debug] [2022-11-19T20:00:56.730Z] >>> [apiv2][query] POST https://cloudresourcemanager.googleapis.com/v1/projects/my-gaming-list:testIamPermissions [none]
[debug] [2022-11-19T20:00:56.731Z] >>> [apiv2][(partial)header] POST https://cloudresourcemanager.googleapis.com/v1/projects/my-gaming-list:testIamPermissions x-goog-quota-user=projects/my-gaming-list
[debug] [2022-11-19T20:00:56.732Z] >>> [apiv2][body] POST https://cloudresourcemanager.googleapis.com/v1/projects/my-gaming-list:testIamPermissions {"permissions":["cloudfunctions.functions.create","cloudfunctions.functions.delete","cloudfunctions.functions.get","cloudfunctions.functions.list","cloudfunctions.functions.update","cloudfunctions.operations.get","firebase.projects.get","firebasehosting.sites.update"]}
[debug] [2022-11-19T20:00:57.896Z] <<< [apiv2][status] POST https://cloudresourcemanager.googleapis.com/v1/projects/my-gaming-list:testIamPermissions 200
[debug] [2022-11-19T20:00:57.898Z] <<< [apiv2][body] POST https://cloudresourcemanager.googleapis.com/v1/projects/my-gaming-list:testIamPermissions {"permissions":["cloudfunctions.functions.create","cloudfunctions.functions.delete","cloudfunctions.functions.get","cloudfunctions.functions.list","cloudfunctions.functions.update","cloudfunctions.operations.get","firebase.projects.get","firebasehosting.sites.update"]}
[debug] [2022-11-19T20:00:57.900Z] >>> [apiv2][query] POST https://iam.googleapis.com/v1/projects/my-gaming-list/serviceAccounts/my-gaming-list@appspot.gserviceaccount.com:testIamPermissions [none]
[debug] [2022-11-19T20:00:57.901Z] >>> [apiv2][body] POST https://iam.googleapis.com/v1/projects/my-gaming-list/serviceAccounts/my-gaming-list@appspot.gserviceaccount.com:testIamPermissions {"permissions":["iam.serviceAccounts.actAs"]}
[debug] [2022-11-19T20:00:58.992Z] <<< [apiv2][status] POST https://iam.googleapis.com/v1/projects/my-gaming-list/serviceAccounts/my-gaming-list@appspot.gserviceaccount.com:testIamPermissions 200
[debug] [2022-11-19T20:00:58.993Z] <<< [apiv2][body] POST https://iam.googleapis.com/v1/projects/my-gaming-list/serviceAccounts/my-gaming-list@appspot.gserviceaccount.com:testIamPermissions {"permissions":["iam.serviceAccounts.actAs"]}
[debug] [2022-11-19T20:00:59.001Z] >>> [apiv2][query] GET https://firebase.googleapis.com/v1beta1/projects/my-gaming-list [none]
[debug] [2022-11-19T20:00:59.565Z] <<< [apiv2][status] GET https://firebase.googleapis.com/v1beta1/projects/my-gaming-list 200
[debug] [2022-11-19T20:00:59.567Z] <<< [apiv2][body] GET https://firebase.googleapis.com/v1beta1/projects/my-gaming-list {"projectId":"my-gaming-list","projectNumber":"741875249473","displayName":"My Gaming List","name":"projects/my-gaming-list","resources":{"hostingSite":"my-gaming-list","realtimeDatabaseInstance":"my-gaming-list-default-rtdb","storageBucket":"my-gaming-list.appspot.com","locationId":"us-central"},"state":"ACTIVE","etag":"1_d8d8321b-563a-4f60-97d9-0e6736814512"}
[info] 
[info] === Deploying to 'my-gaming-list'...
[info] 
[info] i  deploying functions, hosting 
[info] Running command: npm --prefix "$RESOURCE_DIR" run
[info] ✔  functions: Finished running predeploy script. 
[debug] [2022-11-19T20:01:00.943Z] >>> [apiv2][query] GET https://firebase.googleapis.com/v1beta1/projects/my-gaming-list [none]
[debug] [2022-11-19T20:01:01.433Z] <<< [apiv2][status] GET https://firebase.googleapis.com/v1beta1/projects/my-gaming-list 200
[debug] [2022-11-19T20:01:01.433Z] <<< [apiv2][body] GET https://firebase.googleapis.com/v1beta1/projects/my-gaming-list {"projectId":"my-gaming-list","projectNumber":"741875249473","displayName":"My Gaming List","name":"projects/my-gaming-list","resources":{"hostingSite":"my-gaming-list","realtimeDatabaseInstance":"my-gaming-list-default-rtdb","storageBucket":"my-gaming-list.appspot.com","locationId":"us-central"},"state":"ACTIVE","etag":"1_d8d8321b-563a-4f60-97d9-0e6736814512"}
[info] i  functions: ensuring required API cloudfunctions.googleapis.com is enabled... 
[info] i  functions: ensuring required API cloudbuild.googleapis.com is enabled... 
[info] i  artifactregistry: ensuring required API artifactregistry.googleapis.com is enabled... 
[debug] [2022-11-19T20:01:01.441Z] >>> [apiv2][query] GET https://serviceusage.googleapis.com/v1/projects/my-gaming-list/services/cloudfunctions.googleapis.com [none]
[debug] [2022-11-19T20:01:01.444Z] >>> [apiv2][query] GET https://serviceusage.googleapis.com/v1/projects/my-gaming-list/services/runtimeconfig.googleapis.com [none]
[debug] [2022-11-19T20:01:01.448Z] >>> [apiv2][query] GET https://serviceusage.googleapis.com/v1/projects/my-gaming-list/services/cloudbuild.googleapis.com [none]
[debug] [2022-11-19T20:01:01.453Z] >>> [apiv2][query] GET https://serviceusage.googleapis.com/v1/projects/my-gaming-list/services/artifactregistry.googleapis.com [none]
[debug] [2022-11-19T20:01:02.588Z] <<< [apiv2][status] GET https://serviceusage.googleapis.com/v1/projects/my-gaming-list/services/runtimeconfig.googleapis.com 200
[debug] [2022-11-19T20:01:02.589Z] <<< [apiv2][body] GET https://serviceusage.googleapis.com/v1/projects/my-gaming-list/services/runtimeconfig.googleapis.com [omitted]
[debug] [2022-11-19T20:01:02.594Z] <<< [apiv2][status] GET https://serviceusage.googleapis.com/v1/projects/my-gaming-list/services/artifactregistry.googleapis.com 200
[debug] [2022-11-19T20:01:02.594Z] <<< [apiv2][body] GET https://serviceusage.googleapis.com/v1/projects/my-gaming-list/services/artifactregistry.googleapis.com [omitted]
[info] ✔  artifactregistry: required API artifactregistry.googleapis.com is enabled 
[debug] [2022-11-19T20:01:02.600Z] <<< [apiv2][status] GET https://serviceusage.googleapis.com/v1/projects/my-gaming-list/services/cloudbuild.googleapis.com 200
[debug] [2022-11-19T20:01:02.601Z] <<< [apiv2][body] GET https://serviceusage.googleapis.com/v1/projects/my-gaming-list/services/cloudbuild.googleapis.com [omitted]
[info] ✔  functions: required API cloudbuild.googleapis.com is enabled 
[debug] [2022-11-19T20:01:02.619Z] <<< [apiv2][status] GET https://serviceusage.googleapis.com/v1/projects/my-gaming-list/services/cloudfunctions.googleapis.com 200
[debug] [2022-11-19T20:01:02.620Z] <<< [apiv2][body] GET https://serviceusage.googleapis.com/v1/projects/my-gaming-list/services/cloudfunctions.googleapis.com [omitted]
[info] ✔  functions: required API cloudfunctions.googleapis.com is enabled 
[debug] [2022-11-19T20:01:02.622Z] >>> [apiv2][query] GET https://firebase.googleapis.com/v1beta1/projects/my-gaming-list/adminSdkConfig [none]
[debug] [2022-11-19T20:01:03.144Z] <<< [apiv2][status] GET https://firebase.googleapis.com/v1beta1/projects/my-gaming-list/adminSdkConfig 200
[debug] [2022-11-19T20:01:03.145Z] <<< [apiv2][body] GET https://firebase.googleapis.com/v1beta1/projects/my-gaming-list/adminSdkConfig {"projectId":"my-gaming-list","databaseURL":"https://my-gaming-list-default-rtdb.firebaseio.com","storageBucket":"my-gaming-list.appspot.com","locationId":"us-central"}
[debug] [2022-11-19T20:01:03.146Z] >>> [apiv2][query] GET https://runtimeconfig.googleapis.com/v1beta1/projects/my-gaming-list/configs [none]
[debug] [2022-11-19T20:01:04.122Z] <<< [apiv2][status] GET https://runtimeconfig.googleapis.com/v1beta1/projects/my-gaming-list/configs 200
[debug] [2022-11-19T20:01:04.123Z] <<< [apiv2][body] GET https://runtimeconfig.googleapis.com/v1beta1/projects/my-gaming-list/configs {"configs":[{"name":"projects/my-gaming-list/configs/rawg"}]}
[debug] [2022-11-19T20:01:04.124Z] >>> [apiv2][query] GET https://runtimeconfig.googleapis.com/v1beta1/projects/my-gaming-list/configs/rawg/variables [none]
[debug] [2022-11-19T20:01:05.119Z] <<< [apiv2][status] GET https://runtimeconfig.googleapis.com/v1beta1/projects/my-gaming-list/configs/rawg/variables 200
[debug] [2022-11-19T20:01:05.120Z] <<< [apiv2][body] GET https://runtimeconfig.googleapis.com/v1beta1/projects/my-gaming-list/configs/rawg/variables {"variables":[{"name":"projects/my-gaming-list/configs/rawg/variables/key","updateTime":"2022-08-19T20:40:33.609961624Z"}]}
[debug] [2022-11-19T20:01:05.125Z] >>> [apiv2][query] GET https://runtimeconfig.googleapis.com/v1beta1/projects/my-gaming-list/configs/rawg/variables/key [none]
[debug] [2022-11-19T20:01:05.572Z] <<< [apiv2][status] GET https://runtimeconfig.googleapis.com/v1beta1/projects/my-gaming-list/configs/rawg/variables/key 200
[debug] [2022-11-19T20:01:05.574Z] <<< [apiv2][body] GET https://runtimeconfig.googleapis.com/v1beta1/projects/my-gaming-list/configs/rawg/variables/key {"name":"projects/my-gaming-list/configs/rawg/variables/key","updateTime":"2022-08-19T20:40:33.609961624Z","text":"4b5ce7825c444a1c8f237423273d9b85"}
[info] i  functions: preparing codebase default for deployment 
[debug] [2022-11-19T20:01:05.588Z] Validating nodejs source
[warn] ⚠  functions: package.json indicates an outdated version of firebase-functions. Please upgrade using npm install --save firebase-functions@latest in your functions directory. 
[warn] ⚠  functions: Please note that there will be breaking changes when you upgrade. 
[debug] [2022-11-19T20:01:10.050Z] > [functions] package.json contents: {
  "name": "functions",
  "description": "Cloud Functions for Firebase",
  "scripts": {
    "serve": "firebase emulators:start --only functions",
    "shell": "firebase functions:shell",
    "start": "npm run shell",
    "deploy": "firebase deploy --only functions",
    "logs": "firebase functions:log"
  },
  "engines": {
    "node": "16"
  },
  "main": "index.js",
  "dependencies": {
    "axios": "^0.27.2",
    "firebase-admin": "^10.0.2",
    "firebase-functions": "^3.18.0",
    "node-fetch": "^3.2.10",
    "request": "^2.88.2"
  },
  "devDependencies": {
    "firebase-functions-test": "^0.2.0"
  },
  "private": true
}
[debug] [2022-11-19T20:01:10.051Z] Building nodejs source
[debug] [2022-11-19T20:01:10.056Z] Could not find functions.yaml. Must use http discovery
[debug] [2022-11-19T20:01:10.515Z] Serving at port 9005

[debug] [2022-11-19T20:01:10.808Z] Got response from /__/functions.yaml {"endpoints":{"getRAWG":{"platform":"gcfv1","labels":{},"callableTrigger":{},"entryPoint":"getRAWG"},"onCreateUserGameDoc":{"platform":"gcfv1","eventTrigger":{"eventType":"providers/cloud.firestore/eventTypes/document.create","eventFilters":{"resource":"projects/my-gaming-list/databases/(default)/documents/userGames/{game}"},"retry":false},"labels":{},"entryPoint":"onCreateUserGameDoc"},"onUpdateUserGameDoc":{"platform":"gcfv1","eventTrigger":{"eventType":"providers/cloud.firestore/eventTypes/document.update","eventFilters":{"resource":"projects/my-gaming-list/databases/(default)/documents/userGames/{game}"},"retry":false},"labels":{},"entryPoint":"onUpdateUserGameDoc"},"onDeleteUserGameDoc":{"platform":"gcfv1","eventTrigger":{"eventType":"providers/cloud.firestore/eventTypes/document.delete","eventFilters":{"resource":"projects/my-gaming-list/databases/(default)/documents/userGames/{game}"},"retry":false},"labels":{},"entryPoint":"onDeleteUserGameDoc"},"updateOnSchedule":{"platform":"gcfv1","scheduleTrigger":{"schedule":"5 0 * * *"},"labels":{},"entryPoint":"updateOnSchedule"},"onCreateReview":{"platform":"gcfv1","eventTrigger":{"eventType":"providers/cloud.firestore/eventTypes/document.create","eventFilters":{"resource":"projects/my-gaming-list/databases/(default)/documents/reviews/{id}"},"retry":false},"labels":{},"entryPoint":"onCreateReview"},"onDeleteReview":{"platform":"gcfv1","eventTrigger":{"eventType":"providers/cloud.firestore/eventTypes/document.delete","eventFilters":{"resource":"projects/my-gaming-list/databases/(default)/documents/reviews/{id}"},"retry":false},"labels":{},"entryPoint":"onDeleteReview"}},"specVersion":"v1alpha1","requiredAPIs":[{"api":"cloudscheduler.googleapis.com","reason":"Needed for scheduled functions."}]}
[debug] [2022-11-19T20:01:10.839Z] shutdown requested via /__/quitquitquit

[info] i  functions: preparing functions directory for uploading... 
[info] i  functions: packaged /home/carlos/repos/my-gaming-list/functions (70.38 KB) for uploading 
[debug] [2022-11-19T20:01:11.008Z] >>> [apiv2][query] GET https://cloudfunctions.googleapis.com/v1/projects/my-gaming-list/locations/-/functions [none]
[debug] [2022-11-19T20:01:12.229Z] <<< [apiv2][status] GET https://cloudfunctions.googleapis.com/v1/projects/my-gaming-list/locations/-/functions 200
[debug] [2022-11-19T20:01:12.230Z] <<< [apiv2][body] GET https://cloudfunctions.googleapis.com/v1/projects/my-gaming-list/locations/-/functions {"functions":[{"name":"projects/my-gaming-list/locations/us-central1/functions/getRAWG","httpsTrigger":{"url":"https://us-central1-my-gaming-list.cloudfunctions.net/getRAWG","securityLevel":"SECURE_ALWAYS"},"status":"ACTIVE","entryPoint":"getRAWG","timeout":"60s","availableMemoryMb":256,"serviceAccountEmail":"my-gaming-list@appspot.gserviceaccount.com","updateTime":"2022-11-19T19:52:37.898Z","versionId":"58","labels":{"deployment-tool":"cli-firebase","deployment-callable":"true"},"sourceUploadUrl":"https://storage.googleapis.com/uploads-209140841780.us-central1.cloudfunctions.appspot.com/521e552a-d882-4e3c-a732-6c6be41b8976.zip","environmentVariables":{"FIREBASE_CONFIG":"{\"projectId\":\"my-gaming-list\",\"databaseURL\":\"https://my-gaming-list-default-rtdb.firebaseio.com\",\"storageBucket\":\"my-gaming-list.appspot.com\",\"locationId\":\"us-central\"}","GCLOUD_PROJECT":"my-gaming-list"},"runtime":"nodejs16","ingressSettings":"ALLOW_ALL","buildId":"3cbda97e-f6c7-4d56-917c-0fcb05ea8b43","buildName":"projects/741875249473/locations/us-central1/builds/3cbda97e-f6c7-4d56-917c-0fcb05ea8b43","dockerRegistry":"ARTIFACT_REGISTRY"},{"name":"projects/my-gaming-list/locations/us-central1/functions/onCreateReview","eventTrigger":{"eventType":"providers/cloud.firestore/eventTypes/document.create","resource":"projects/my-gaming-list/databases/(default)/documents/reviews/{id}","service":"firestore.googleapis.com","failurePolicy":{}},"status":"ACTIVE","entryPoint":"onCreateReview","timeout":"60s","availableMemoryMb":256,"serviceAccountEmail":"my-gaming-list@appspot.gserviceaccount.com","updateTime":"2022-11-19T19:52:47.411Z","versionId":"13","labels":{"deployment-tool":"cli-firebase"},"sourceUploadUrl":"https://storage.googleapis.com/uploads-209140841780.us-central1.cloudfunctions.appspot.com/521e552a-d882-4e3c-a732-6c6be41b8976.zip","environmentVariables":{"FIREBASE_CONFIG":"{\"projectId\":\"my-gaming-list\",\"databaseURL\":\"https://my-gaming-list-default-rtdb.firebaseio.com\",\"storageBucket\":\"my-gaming-list.appspot.com\",\"locationId\":\"us-central\"}","GCLOUD_PROJECT":"my-gaming-list"},"runtime":"nodejs16","ingressSettings":"ALLOW_ALL","buildId":"3cbda97e-f6c7-4d56-917c-0fcb05ea8b43","buildName":"projects/741875249473/locations/us-central1/builds/3cbda97e-f6c7-4d56-917c-0fcb05ea8b43","dockerRegistry":"ARTIFACT_REGISTRY"},{"name":"projects/my-gaming-list/locations/us-central1/functions/onCreateUserGameDoc","eventTrigger":{"eventType":"providers/cloud.firestore/eventTypes/document.create","resource":"projects/my-gaming-list/databases/(default)/documents/userGames/{game}","service":"firestore.googleapis.com","failurePolicy":{}},"status":"ACTIVE","entryPoint":"onCreateUserGameDoc","timeout":"60s","availableMemoryMb":256,"serviceAccountEmail":"my-gaming-list@appspot.gserviceaccount.com","updateTime":"2022-11-19T19:52:51.639Z","versionId":"48","labels":{"deployment-tool":"cli-firebase"},"sourceUploadUrl":"https://storage.googleapis.com/uploads-209140841780.us-central1.cloudfunctions.appspot.com/521e552a-d882-4e3c-a732-6c6be41b8976.zip","environmentVariables":{"FIREBASE_CONFIG":"{\"projectId\":\"my-gaming-list\",\"databaseURL\":\"https://my-gaming-list-default-rtdb.firebaseio.com\",\"storageBucket\":\"my-gaming-list.appspot.com\",\"locationId\":\"us-central\"}","GCLOUD_PROJECT":"my-gaming-list"},"runtime":"nodejs16","ingressSettings":"ALLOW_ALL","buildId":"3cbda97e-f6c7-4d56-917c-0fcb05ea8b43","buildName":"projects/741875249473/locations/us-central1/builds/3cbda97e-f6c7-4d56-917c-0fcb05ea8b43","dockerRegistry":"ARTIFACT_REGISTRY"},{"name":"projects/my-gaming-list/locations/us-central1/functions/onDeleteReview","eventTrigger":{"eventType":"providers/cloud.firestore/eventTypes/document.delete","resource":"projects/my-gaming-list/databases/(default)/documents/reviews/{id}","service":"firestore.googleapis.com","failurePolicy":{}},"status":"ACTIVE","entryPoint":"onDeleteReview","timeout":"60s","availableMemoryMb":256,"serviceAccountEmail":"my-gaming-list@appspot.gserviceaccount.com","updateTime":"2022-11-19T19:52:44.951Z","versionId":"16","labels":{"deployment-tool":"cli-firebase"},"sourceUploadUrl":"https://storage.googleapis.com/uploads-209140841780.us-central1.cloudfunctions.appspot.com/521e552a-d882-4e3c-a732-6c6be41b8976.zip","environmentVariables":{"FIREBASE_CONFIG":"{\"projectId\":\"my-gaming-list\",\"databaseURL\":\"https://my-gaming-list-default-rtdb.firebaseio.com\",\"storageBucket\":\"my-gaming-list.appspot.com\",\"locationId\":\"us-central\"}","GCLOUD_PROJECT":"my-gaming-list"},"runtime":"nodejs16","ingressSettings":"ALLOW_ALL","buildId":"3cbda97e-f6c7-4d56-917c-0fcb05ea8b43","buildName":"projects/741875249473/locations/us-central1/builds/3cbda97e-f6c7-4d56-917c-0fcb05ea8b43","dockerRegistry":"ARTIFACT_REGISTRY"},{"name":"projects/my-gaming-list/locations/us-central1/functions/onDeleteUserGameDoc","eventTrigger":{"eventType":"providers/cloud.firestore/eventTypes/document.delete","resource":"projects/my-gaming-list/databases/(default)/documents/userGames/{game}","service":"firestore.googleapis.com","failurePolicy":{}},"status":"ACTIVE","entryPoint":"onDeleteUserGameDoc","timeout":"60s","availableMemoryMb":256,"serviceAccountEmail":"my-gaming-list@appspot.gserviceaccount.com","updateTime":"2022-11-19T19:52:52.123Z","versionId":"35","labels":{"deployment-tool":"cli-firebase"},"sourceUploadUrl":"https://storage.googleapis.com/uploads-209140841780.us-central1.cloudfunctions.appspot.com/521e552a-d882-4e3c-a732-6c6be41b8976.zip","environmentVariables":{"FIREBASE_CONFIG":"{\"projectId\":\"my-gaming-list\",\"databaseURL\":\"https://my-gaming-list-default-rtdb.firebaseio.com\",\"storageBucket\":\"my-gaming-list.appspot.com\",\"locationId\":\"us-central\"}","GCLOUD_PROJECT":"my-gaming-list"},"runtime":"nodejs16","ingressSettings":"ALLOW_ALL","buildId":"3cbda97e-f6c7-4d56-917c-0fcb05ea8b43","buildName":"projects/741875249473/locations/us-central1/builds/3cbda97e-f6c7-4d56-917c-0fcb05ea8b43","dockerRegistry":"ARTIFACT_REGISTRY"},{"name":"projects/my-gaming-list/locations/us-central1/functions/onUpdateUserGameDoc","eventTrigger":{"eventType":"providers/cloud.firestore/eventTypes/document.update","resource":"projects/my-gaming-list/databases/(default)/documents/userGames/{game}","service":"firestore.googleapis.com","failurePolicy":{}},"status":"ACTIVE","entryPoint":"onUpdateUserGameDoc","timeout":"60s","availableMemoryMb":256,"serviceAccountEmail":"my-gaming-list@appspot.gserviceaccount.com","updateTime":"2022-11-19T19:52:44.298Z","versionId":"48","labels":{"deployment-tool":"cli-firebase"},"sourceUploadUrl":"https://storage.googleapis.com/uploads-209140841780.us-central1.cloudfunctions.appspot.com/521e552a-d882-4e3c-a732-6c6be41b8976.zip","environmentVariables":{"FIREBASE_CONFIG":"{\"projectId\":\"my-gaming-list\",\"databaseURL\":\"https://my-gaming-list-default-rtdb.firebaseio.com\",\"storageBucket\":\"my-gaming-list.appspot.com\",\"locationId\":\"us-central\"}","GCLOUD_PROJECT":"my-gaming-list"},"runtime":"nodejs16","ingressSettings":"ALLOW_ALL","buildId":"3cbda97e-f6c7-4d56-917c-0fcb05ea8b43","buildName":"projects/741875249473/locations/us-central1/builds/3cbda97e-f6c7-4d56-917c-0fcb05ea8b43","dockerRegistry":"ARTIFACT_REGISTRY"},{"name":"projects/my-gaming-list/locations/us-central1/functions/updateOnSchedule","eventTrigger":{"eventType":"google.pubsub.topic.publish","resource":"projects/my-gaming-list/topics/firebase-schedule-updateOnSchedule-us-central1","service":"pubsub.googleapis.com","failurePolicy":{}},"status":"ACTIVE","entryPoint":"updateOnSchedule","timeout":"60s","availableMemoryMb":256,"serviceAccountEmail":"my-gaming-list@appspot.gserviceaccount.com","updateTime":"2022-11-19T19:52:53.369Z","versionId":"29","labels":{"deployment-tool":"cli-firebase","deployment-scheduled":"true"},"sourceUploadUrl":"https://storage.googleapis.com/uploads-209140841780.us-central1.cloudfunctions.appspot.com/521e552a-d882-4e3c-a732-6c6be41b8976.zip","environmentVariables":{"FIREBASE_CONFIG":"{\"projectId\":\"my-gaming-list\",\"databaseURL\":\"https://my-gaming-list-default-rtdb.firebaseio.com\",\"storageBucket\":\"my-gaming-list.appspot.com\",\"locationId\":\"us-central\"}","GCLOUD_PROJECT":"my-gaming-list"},"runtime":"nodejs16","ingressSettings":"ALLOW_ALL","buildId":"3cbda97e-f6c7-4d56-917c-0fcb05ea8b43","buildName":"projects/741875249473/locations/us-central1/builds/3cbda97e-f6c7-4d56-917c-0fcb05ea8b43","dockerRegistry":"ARTIFACT_REGISTRY"}]}
[debug] [2022-11-19T20:01:12.236Z] >>> [apiv2][query] GET https://cloudfunctions.googleapis.com/v2alpha/projects/my-gaming-list/locations/-/functions [none]
[debug] [2022-11-19T20:01:13.648Z] <<< [apiv2][status] GET https://cloudfunctions.googleapis.com/v2alpha/projects/my-gaming-list/locations/-/functions 200
[debug] [2022-11-19T20:01:13.649Z] <<< [apiv2][body] GET https://cloudfunctions.googleapis.com/v2alpha/projects/my-gaming-list/locations/-/functions {}
[info] i  functions: ensuring required API cloudscheduler.googleapis.com is enabled... 
[debug] [2022-11-19T20:01:13.706Z] >>> [apiv2][query] GET https://serviceusage.googleapis.com/v1/projects/my-gaming-list/services/cloudscheduler.googleapis.com [none]
